TN:
SF:/Users/yonatanmolla/Documents/workspace3/jhippy-workstation/thehipcribs/src/main/webapp/app/shared/index.ts
FN:2,__export
FNF:1
FNH:1
FNDA:24,__export
DA:2,1
DA:3,27
DA:5,1
DA:6,1
DA:7,1
DA:8,1
DA:9,1
DA:10,1
DA:11,1
DA:12,1
DA:13,1
DA:14,1
DA:15,1
DA:16,1
DA:17,1
DA:18,1
DA:19,1
DA:20,1
DA:21,1
DA:22,1
DA:23,1
DA:24,1
DA:25,1
DA:26,1
DA:27,1
DA:28,1
DA:29,1
LF:27
LH:27
BRDA:3,1,0,27
BRDA:3,1,1,0
BRF:2
BRH:1
end_of_record
TN:
SF:/Users/yonatanmolla/Documents/workspace3/jhippy-workstation/thehipcribs/src/main/webapp/app/shared/constants/error.constants.ts
FNF:0
FNH:0
DA:2,1
DA:3,1
DA:4,1
DA:5,1
DA:6,1
LF:5
LH:5
BRF:0
BRH:0
end_of_record
TN:
SF:/Users/yonatanmolla/Documents/workspace3/jhippy-workstation/thehipcribs/src/main/webapp/app/shared/constants/pagination.constants.ts
FNF:0
FNH:0
DA:2,1
DA:3,1
LF:2
LH:2
BRF:0
BRH:0
end_of_record
TN:
SF:/Users/yonatanmolla/Documents/workspace3/jhippy-workstation/thehipcribs/src/main/webapp/app/shared/alert/alert.component.ts
FN:2,(anonymous_1)
FN:8,(anonymous_2)
FN:14,(anonymous_3)
FN:15,JhiAlertComponent
FN:18,(anonymous_5)
FN:21,(anonymous_6)
FNF:6
FNH:3
FNDA:1,(anonymous_1)
FNDA:1,(anonymous_2)
FNDA:1,(anonymous_3)
FNDA:0,JhiAlertComponent
FNDA:0,(anonymous_5)
FNDA:0,(anonymous_6)
DA:2,1
DA:3,1
DA:4,1
DA:5,2
DA:6,1
DA:8,1
DA:9,1
DA:11,1
DA:12,1
DA:13,1
DA:14,1
DA:15,1
DA:16,0
DA:18,1
DA:19,0
DA:21,1
DA:22,0
DA:24,1
DA:31,1
DA:33,1
LF:20
LH:17
BRDA:2,1,0,1
BRDA:2,1,1,1
BRDA:2,1,2,1
BRDA:3,2,0,1
BRDA:3,2,1,0
BRDA:3,3,0,0
BRDA:3,3,1,0
BRDA:4,4,0,0
BRDA:4,4,1,1
BRDA:4,5,0,1
BRDA:4,5,1,1
BRDA:5,6,0,2
BRDA:5,6,1,0
BRDA:5,7,0,2
BRDA:5,7,1,1
BRDA:5,8,0,2
BRDA:5,8,1,0
BRDA:5,9,0,0
BRDA:5,9,1,0
BRDA:6,10,0,1
BRDA:6,10,1,0
BRDA:6,10,2,0
BRDA:8,11,0,1
BRDA:8,11,1,1
BRDA:8,11,2,1
BRDA:9,12,0,1
BRDA:9,12,1,0
BRDA:9,13,0,1
BRDA:9,13,1,1
BRF:29
BRH:18
end_of_record
TN:
SF:/Users/yonatanmolla/Documents/workspace3/jhippy-workstation/thehipcribs/src/main/webapp/app/shared/alert/alert-error.component.ts
FN:2,(anonymous_1)
FN:8,(anonymous_2)
FN:14,(anonymous_3)
FN:16,JhiAlertErrorComponent
FN:21,(anonymous_5)
FN:79,(anonymous_6)
FN:85,(anonymous_7)
FNF:7
FNH:3
FNDA:1,(anonymous_1)
FNDA:1,(anonymous_2)
FNDA:1,(anonymous_3)
FNDA:0,JhiAlertErrorComponent
FNDA:0,(anonymous_5)
FNDA:0,(anonymous_6)
FNDA:0,(anonymous_7)
DA:2,1
DA:3,1
DA:4,1
DA:5,2
DA:6,1
DA:8,1
DA:9,1
DA:11,1
DA:12,1
DA:13,1
DA:14,1
DA:16,1
DA:17,0
DA:18,0
DA:19,0
DA:20,0
DA:21,0
DA:22,0
DA:23,0
DA:24,0
DA:27,0
DA:28,0
DA:30,0
DA:31,0
DA:32,0
DA:33,0
DA:34,0
DA:37,0
DA:38,0
DA:39,0
DA:40,0
DA:41,0
DA:42,0
DA:44,0
DA:45,0
DA:46,0
DA:48,0
DA:49,0
DA:50,0
DA:51,0
DA:53,0
DA:54,0
DA:56,0
DA:59,0
DA:60,0
DA:63,0
DA:65,0
DA:67,0
DA:68,0
DA:70,0
DA:71,0
DA:74,0
DA:79,1
DA:80,0
DA:81,0
DA:82,0
DA:85,1
DA:86,0
DA:94,1
DA:101,1
DA:103,1
LF:61
LH:17
BRDA:2,1,0,1
BRDA:2,1,1,1
BRDA:2,1,2,1
BRDA:3,2,0,1
BRDA:3,2,1,0
BRDA:3,3,0,0
BRDA:3,3,1,0
BRDA:4,4,0,0
BRDA:4,4,1,1
BRDA:4,5,0,1
BRDA:4,5,1,1
BRDA:5,6,0,2
BRDA:5,6,1,0
BRDA:5,7,0,2
BRDA:5,7,1,1
BRDA:5,8,0,2
BRDA:5,8,1,0
BRDA:5,9,0,0
BRDA:5,9,1,0
BRDA:6,10,0,1
BRDA:6,10,1,0
BRDA:6,10,2,0
BRDA:8,11,0,1
BRDA:8,11,1,1
BRDA:8,11,2,1
BRDA:9,12,0,1
BRDA:9,12,1,0
BRDA:9,13,0,1
BRDA:9,13,1,1
BRDA:24,14,0,0
BRDA:24,14,1,0
BRDA:24,14,2,0
BRDA:24,14,3,0
BRDA:33,15,0,0
BRDA:33,15,1,0
BRDA:33,16,0,0
BRDA:33,16,1,0
BRDA:40,17,0,0
BRDA:40,17,1,0
BRDA:44,18,0,0
BRDA:44,18,1,0
BRDA:48,19,0,0
BRDA:48,19,1,0
BRDA:48,20,0,0
BRDA:48,20,1,0
BRDA:48,20,2,0
BRDA:59,21,0,0
BRDA:59,21,1,0
BRDA:59,22,0,0
BRDA:59,22,1,0
BRDA:59,22,2,0
BRDA:70,23,0,0
BRDA:70,23,1,0
BRDA:70,24,0,0
BRDA:70,24,1,0
BRDA:70,24,2,0
BRDA:80,25,0,0
BRDA:80,25,1,0
BRDA:80,26,0,0
BRDA:80,26,1,0
BRF:60
BRH:18
end_of_record
TN:
SF:/Users/yonatanmolla/Documents/workspace3/jhippy-workstation/thehipcribs/src/main/webapp/app/shared/auth/csrf.service.ts
FN:2,(anonymous_1)
FN:8,(anonymous_2)
FN:14,(anonymous_3)
FN:15,CSRFService
FN:18,(anonymous_5)
FNF:5
FNH:3
FNDA:1,(anonymous_1)
FNDA:1,(anonymous_2)
FNDA:1,(anonymous_3)
FNDA:0,CSRFService
FNDA:0,(anonymous_5)
DA:2,1
DA:3,1
DA:4,1
DA:5,2
DA:6,1
DA:8,1
DA:9,1
DA:11,1
DA:12,1
DA:13,1
DA:14,1
DA:15,1
DA:16,0
DA:18,1
DA:19,0
DA:20,0
DA:22,1
DA:26,1
DA:28,1
LF:19
LH:16
BRDA:2,1,0,1
BRDA:2,1,1,1
BRDA:2,1,2,1
BRDA:3,2,0,1
BRDA:3,2,1,0
BRDA:3,3,0,0
BRDA:3,3,1,0
BRDA:4,4,0,0
BRDA:4,4,1,1
BRDA:4,5,0,1
BRDA:4,5,1,1
BRDA:5,6,0,2
BRDA:5,6,1,0
BRDA:5,7,0,2
BRDA:5,7,1,1
BRDA:5,8,0,2
BRDA:5,8,1,0
BRDA:5,9,0,0
BRDA:5,9,1,0
BRDA:6,10,0,1
BRDA:6,10,1,0
BRDA:6,10,2,0
BRDA:8,11,0,1
BRDA:8,11,1,1
BRDA:8,11,2,1
BRDA:9,12,0,1
BRDA:9,12,1,0
BRDA:9,13,0,1
BRDA:9,13,1,1
BRDA:19,14,0,0
BRDA:19,14,1,0
BRF:31
BRH:18
end_of_record
TN:
SF:/Users/yonatanmolla/Documents/workspace3/jhippy-workstation/thehipcribs/src/main/webapp/app/shared/auth/state-storage.service.ts
FN:2,(anonymous_1)
FN:8,(anonymous_2)
FN:14,(anonymous_3)
FN:15,StateStorageService
FN:18,(anonymous_5)
FN:21,(anonymous_6)
FN:24,(anonymous_7)
FN:28,(anonymous_8)
FN:31,(anonymous_9)
FN:34,(anonymous_10)
FN:37,(anonymous_11)
FNF:11
FNH:3
FNDA:1,(anonymous_1)
FNDA:1,(anonymous_2)
FNDA:1,(anonymous_3)
FNDA:0,StateStorageService
FNDA:0,(anonymous_5)
FNDA:0,(anonymous_6)
FNDA:0,(anonymous_7)
FNDA:0,(anonymous_8)
FNDA:0,(anonymous_9)
FNDA:0,(anonymous_10)
FNDA:0,(anonymous_11)
DA:2,1
DA:3,1
DA:4,1
DA:5,2
DA:6,1
DA:8,1
DA:9,1
DA:11,1
DA:12,1
DA:13,1
DA:14,1
DA:15,1
DA:16,0
DA:18,1
DA:19,0
DA:21,1
DA:22,0
DA:24,1
DA:25,0
DA:26,0
DA:28,1
DA:29,0
DA:31,1
DA:32,0
DA:34,1
DA:35,0
DA:37,1
DA:38,0
DA:48,0
DA:50,1
DA:54,1
DA:56,1
LF:32
LH:22
BRDA:2,1,0,1
BRDA:2,1,1,1
BRDA:2,1,2,1
BRDA:3,2,0,1
BRDA:3,2,1,0
BRDA:3,3,0,0
BRDA:3,3,1,0
BRDA:4,4,0,0
BRDA:4,4,1,1
BRDA:4,5,0,1
BRDA:4,5,1,1
BRDA:5,6,0,2
BRDA:5,6,1,0
BRDA:5,7,0,2
BRDA:5,7,1,1
BRDA:5,8,0,2
BRDA:5,8,1,0
BRDA:5,9,0,0
BRDA:5,9,1,0
BRDA:6,10,0,1
BRDA:6,10,1,0
BRDA:6,10,2,0
BRDA:8,11,0,1
BRDA:8,11,1,1
BRDA:8,11,2,1
BRDA:9,12,0,1
BRDA:9,12,1,0
BRDA:9,13,0,1
BRDA:9,13,1,1
BRF:29
BRH:18
end_of_record
TN:
SF:/Users/yonatanmolla/Documents/workspace3/jhippy-workstation/thehipcribs/src/main/webapp/app/shared/auth/account.service.ts
FN:2,(anonymous_1)
FN:8,(anonymous_2)
FN:15,(anonymous_3)
FN:16,AccountService
FN:19,(anonymous_5)
FN:20,(anonymous_6)
FN:22,(anonymous_7)
FNF:7
FNH:4
FNDA:1,(anonymous_1)
FNDA:1,(anonymous_2)
FNDA:1,(anonymous_3)
FNDA:4,AccountService
FNDA:0,(anonymous_5)
FNDA:0,(anonymous_6)
FNDA:0,(anonymous_7)
DA:2,1
DA:3,1
DA:4,1
DA:5,2
DA:6,1
DA:8,1
DA:9,1
DA:11,1
DA:12,1
DA:13,1
DA:14,1
DA:15,1
DA:16,1
DA:17,4
DA:19,1
DA:20,0
DA:22,1
DA:23,0
DA:25,1
DA:29,1
DA:31,1
LF:21
LH:19
BRDA:2,1,0,1
BRDA:2,1,1,1
BRDA:2,1,2,1
BRDA:3,2,0,1
BRDA:3,2,1,0
BRDA:3,3,0,0
BRDA:3,3,1,0
BRDA:4,4,0,0
BRDA:4,4,1,1
BRDA:4,5,0,1
BRDA:4,5,1,1
BRDA:5,6,0,2
BRDA:5,6,1,0
BRDA:5,7,0,2
BRDA:5,7,1,1
BRDA:5,8,0,2
BRDA:5,8,1,0
BRDA:5,9,0,0
BRDA:5,9,1,0
BRDA:6,10,0,1
BRDA:6,10,1,0
BRDA:6,10,2,0
BRDA:8,11,0,1
BRDA:8,11,1,1
BRDA:8,11,2,1
BRDA:9,12,0,1
BRDA:9,12,1,0
BRDA:9,13,0,1
BRDA:9,13,1,1
BRF:29
BRH:18
end_of_record
TN:
SF:/Users/yonatanmolla/Documents/workspace3/jhippy-workstation/thehipcribs/src/main/webapp/app/app.constants.ts
FNF:0
FNH:0
DA:2,1
DA:5,1
DA:6,1
DA:7,1
DA:12,1
DA:13,1
DA:14,1
LF:7
LH:7
BRF:0
BRH:0
end_of_record
TN:
SF:/Users/yonatanmolla/Documents/workspace3/jhippy-workstation/thehipcribs/src/main/webapp/app/shared/auth/auth-jwt.service.ts
FN:2,(anonymous_1)
FN:8,(anonymous_2)
FN:17,(anonymous_3)
FN:18,AuthServerProvider
FN:23,(anonymous_5)
FN:26,(anonymous_6)
FN:33,authenticateSuccess
FN:42,(anonymous_8)
FN:51,(anonymous_9)
FN:59,(anonymous_10)
FN:61,(anonymous_11)
FNF:11
FNH:3
FNDA:1,(anonymous_1)
FNDA:1,(anonymous_2)
FNDA:1,(anonymous_3)
FNDA:0,AuthServerProvider
FNDA:0,(anonymous_5)
FNDA:0,(anonymous_6)
FNDA:0,authenticateSuccess
FNDA:0,(anonymous_8)
FNDA:0,(anonymous_9)
FNDA:0,(anonymous_10)
FNDA:0,(anonymous_11)
DA:2,1
DA:3,1
DA:4,1
DA:5,2
DA:6,1
DA:8,1
DA:9,1
DA:11,1
DA:12,1
DA:13,1
DA:14,1
DA:15,1
DA:16,1
DA:17,1
DA:18,1
DA:19,0
DA:20,0
DA:21,0
DA:23,1
DA:24,0
DA:26,1
DA:27,0
DA:32,0
DA:33,1
DA:34,0
DA:35,0
DA:36,0
DA:37,0
DA:38,0
DA:42,1
DA:43,0
DA:44,0
DA:45,0
DA:48,0
DA:51,1
DA:52,0
DA:53,0
DA:56,0
DA:59,1
DA:60,0
DA:61,0
DA:62,0
DA:63,0
DA:64,0
DA:67,1
DA:73,1
DA:75,1
LF:47
LH:24
BRDA:2,1,0,1
BRDA:2,1,1,1
BRDA:2,1,2,1
BRDA:3,2,0,1
BRDA:3,2,1,0
BRDA:3,3,0,0
BRDA:3,3,1,0
BRDA:4,4,0,0
BRDA:4,4,1,1
BRDA:4,5,0,1
BRDA:4,5,1,1
BRDA:5,6,0,2
BRDA:5,6,1,0
BRDA:5,7,0,2
BRDA:5,7,1,1
BRDA:5,8,0,2
BRDA:5,8,1,0
BRDA:5,9,0,0
BRDA:5,9,1,0
BRDA:6,10,0,1
BRDA:6,10,1,0
BRDA:6,10,2,0
BRDA:8,11,0,1
BRDA:8,11,1,1
BRDA:8,11,2,1
BRDA:9,12,0,1
BRDA:9,12,1,0
BRDA:9,13,0,1
BRDA:9,13,1,1
BRDA:24,14,0,0
BRDA:24,14,1,0
BRDA:35,15,0,0
BRDA:35,15,1,0
BRDA:35,16,0,0
BRDA:35,16,1,0
BRDA:43,17,0,0
BRDA:43,17,1,0
BRDA:52,18,0,0
BRDA:52,18,1,0
BRF:39
BRH:18
end_of_record
TN:
SF:/Users/yonatanmolla/Documents/workspace3/jhippy-workstation/thehipcribs/src/main/webapp/app/shared/auth/principal.service.ts
FN:2,(anonymous_1)
FN:8,(anonymous_2)
FN:15,(anonymous_3)
FN:16,Principal
FN:21,(anonymous_5)
FN:26,(anonymous_6)
FN:29,(anonymous_7)
FN:40,(anonymous_8)
FN:44,(anonymous_9)
FN:46,(anonymous_10)
FN:50,(anonymous_11)
FN:61,(anonymous_12)
FN:72,(anonymous_13)
FN:79,(anonymous_14)
FN:82,(anonymous_15)
FN:85,(anonymous_16)
FN:88,(anonymous_17)
FNF:17
FNH:4
FNDA:1,(anonymous_1)
FNDA:1,(anonymous_2)
FNDA:1,(anonymous_3)
FNDA:4,Principal
FNDA:0,(anonymous_5)
FNDA:0,(anonymous_6)
FNDA:0,(anonymous_7)
FNDA:0,(anonymous_8)
FNDA:0,(anonymous_9)
FNDA:0,(anonymous_10)
FNDA:0,(anonymous_11)
FNDA:0,(anonymous_12)
FNDA:0,(anonymous_13)
FNDA:0,(anonymous_14)
FNDA:0,(anonymous_15)
FNDA:0,(anonymous_16)
FNDA:0,(anonymous_17)
DA:2,1
DA:3,1
DA:4,1
DA:5,2
DA:6,1
DA:8,1
DA:9,1
DA:11,1
DA:12,1
DA:13,1
DA:14,1
DA:15,1
DA:16,1
DA:17,4
DA:18,4
DA:19,4
DA:21,1
DA:22,0
DA:23,0
DA:24,0
DA:26,1
DA:27,0
DA:29,1
DA:30,0
DA:31,0
DA:33,0
DA:34,0
DA:35,0
DA:38,0
DA:40,1
DA:41,0
DA:42,0
DA:44,0
DA:45,0
DA:47,0
DA:50,1
DA:51,0
DA:52,0
DA:53,0
DA:57,0
DA:58,0
DA:61,0
DA:62,0
DA:63,0
DA:64,0
DA:67,0
DA:68,0
DA:70,0
DA:71,0
DA:73,0
DA:74,0
DA:75,0
DA:76,0
DA:79,1
DA:80,0
DA:82,1
DA:83,0
DA:85,1
DA:86,0
DA:88,1
DA:89,0
DA:91,1
DA:95,1
DA:97,1
LF:64
LH:28
BRDA:2,1,0,1
BRDA:2,1,1,1
BRDA:2,1,2,1
BRDA:3,2,0,1
BRDA:3,2,1,0
BRDA:3,3,0,0
BRDA:3,3,1,0
BRDA:4,4,0,0
BRDA:4,4,1,1
BRDA:4,5,0,1
BRDA:4,5,1,1
BRDA:5,6,0,2
BRDA:5,6,1,0
BRDA:5,7,0,2
BRDA:5,7,1,1
BRDA:5,8,0,2
BRDA:5,8,1,0
BRDA:5,9,0,0
BRDA:5,9,1,0
BRDA:6,10,0,1
BRDA:6,10,1,0
BRDA:6,10,2,0
BRDA:8,11,0,1
BRDA:8,11,1,1
BRDA:8,11,2,1
BRDA:9,12,0,1
BRDA:9,12,1,0
BRDA:9,13,0,1
BRDA:9,13,1,1
BRDA:30,14,0,0
BRDA:30,14,1,0
BRDA:30,15,0,0
BRDA:30,15,1,0
BRDA:30,15,2,0
BRDA:34,16,0,0
BRDA:34,16,1,0
BRDA:41,17,0,0
BRDA:41,17,1,0
BRDA:45,18,0,0
BRDA:45,18,1,0
BRDA:52,19,0,0
BRDA:52,19,1,0
BRDA:57,20,0,0
BRDA:57,20,1,0
BRDA:62,21,0,0
BRDA:62,21,1,0
BRDA:89,22,0,0
BRDA:89,22,1,0
BRF:48
BRH:18
end_of_record
TN:
SF:/Users/yonatanmolla/Documents/workspace3/jhippy-workstation/thehipcribs/src/main/webapp/app/shared/auth/has-any-authority.directive.ts
FN:2,(anonymous_1)
FN:8,(anonymous_2)
FN:25,(anonymous_3)
FN:26,HasAnyAuthorityDirective
FN:32,(anonymous_5)
FN:37,(anonymous_6)
FN:42,(anonymous_7)
FN:44,(anonymous_8)
FNF:8
FNH:3
FNDA:2,(anonymous_1)
FNDA:3,(anonymous_2)
FNDA:1,(anonymous_3)
FNDA:0,HasAnyAuthorityDirective
FNDA:0,(anonymous_5)
FNDA:0,(anonymous_6)
FNDA:0,(anonymous_7)
FNDA:0,(anonymous_8)
DA:2,1
DA:3,2
DA:4,2
DA:5,5
DA:6,2
DA:8,1
DA:9,3
DA:11,1
DA:12,1
DA:13,1
DA:25,1
DA:26,1
DA:27,0
DA:28,0
DA:29,0
DA:31,1
DA:33,0
DA:34,0
DA:35,0
DA:37,0
DA:42,1
DA:43,0
DA:44,0
DA:45,0
DA:46,0
DA:47,0
DA:51,1
DA:56,1
DA:62,1
DA:64,1
LF:30
LH:18
BRDA:2,1,0,1
BRDA:2,1,1,1
BRDA:2,1,2,1
BRDA:3,2,0,1
BRDA:3,2,1,1
BRDA:3,3,0,1
BRDA:3,3,1,0
BRDA:4,4,0,0
BRDA:4,4,1,2
BRDA:4,5,0,2
BRDA:4,5,1,2
BRDA:5,6,0,5
BRDA:5,6,1,0
BRDA:5,7,0,5
BRDA:5,7,1,4
BRDA:5,8,0,2
BRDA:5,8,1,3
BRDA:5,9,0,3
BRDA:5,9,1,0
BRDA:6,10,0,2
BRDA:6,10,1,1
BRDA:6,10,2,1
BRDA:8,11,0,1
BRDA:8,11,1,1
BRDA:8,11,2,1
BRDA:9,12,0,3
BRDA:9,12,1,0
BRDA:9,13,0,3
BRDA:9,13,1,3
BRDA:34,14,0,0
BRDA:34,14,1,0
BRDA:46,15,0,0
BRDA:46,15,1,0
BRF:33
BRH:24
end_of_record
TN:
SF:/Users/yonatanmolla/Documents/workspace3/jhippy-workstation/thehipcribs/src/main/webapp/app/shared/auth/user-route-access-service.ts
FN:2,(anonymous_1)
FN:8,(anonymous_2)
FN:17,(anonymous_3)
FN:18,UserRouteAccessService
FN:24,(anonymous_5)
FN:31,(anonymous_6)
FN:34,(anonymous_7)
FN:39,(anonymous_8)
FN:47,(anonymous_9)
FNF:9
FNH:3
FNDA:1,(anonymous_1)
FNDA:1,(anonymous_2)
FNDA:1,(anonymous_3)
FNDA:0,UserRouteAccessService
FNDA:0,(anonymous_5)
FNDA:0,(anonymous_6)
FNDA:0,(anonymous_7)
FNDA:0,(anonymous_8)
FNDA:0,(anonymous_9)
DA:2,1
DA:3,1
DA:4,1
DA:5,2
DA:6,1
DA:8,1
DA:9,1
DA:11,1
DA:12,1
DA:13,1
DA:14,1
DA:15,1
DA:16,1
DA:17,1
DA:18,1
DA:19,0
DA:20,0
DA:21,0
DA:22,0
DA:24,1
DA:25,0
DA:29,0
DA:31,1
DA:32,0
DA:33,0
DA:34,0
DA:35,0
DA:36,0
DA:38,0
DA:39,0
DA:40,0
DA:41,0
DA:43,0
DA:46,0
DA:47,0
DA:49,0
DA:50,0
DA:53,0
DA:56,1
DA:63,1
DA:65,1
LF:41
LH:20
BRDA:2,1,0,1
BRDA:2,1,1,1
BRDA:2,1,2,1
BRDA:3,2,0,1
BRDA:3,2,1,0
BRDA:3,3,0,0
BRDA:3,3,1,0
BRDA:4,4,0,0
BRDA:4,4,1,1
BRDA:4,5,0,1
BRDA:4,5,1,1
BRDA:5,6,0,2
BRDA:5,6,1,0
BRDA:5,7,0,2
BRDA:5,7,1,1
BRDA:5,8,0,2
BRDA:5,8,1,0
BRDA:5,9,0,0
BRDA:5,9,1,0
BRDA:6,10,0,1
BRDA:6,10,1,0
BRDA:6,10,2,0
BRDA:8,11,0,1
BRDA:8,11,1,1
BRDA:8,11,2,1
BRDA:9,12,0,1
BRDA:9,12,1,0
BRDA:9,13,0,1
BRDA:9,13,1,1
BRDA:35,14,0,0
BRDA:35,14,1,0
BRDA:35,15,0,0
BRDA:35,15,1,0
BRDA:38,16,0,0
BRDA:38,16,1,0
BRDA:40,17,0,0
BRDA:40,17,1,0
BRDA:49,18,0,0
BRDA:49,18,1,0
BRF:39
BRH:18
end_of_record
TN:
SF:/Users/yonatanmolla/Documents/workspace3/jhippy-workstation/thehipcribs/src/main/webapp/app/shared/login/login-modal.service.ts
FN:2,(anonymous_1)
FN:8,(anonymous_2)
FN:15,(anonymous_3)
FN:16,LoginModalService
FN:20,(anonymous_5)
FN:29,(anonymous_6)
FN:31,(anonymous_7)
FNF:7
FNH:3
FNDA:1,(anonymous_1)
FNDA:1,(anonymous_2)
FNDA:1,(anonymous_3)
FNDA:0,LoginModalService
FNDA:0,(anonymous_5)
FNDA:0,(anonymous_6)
FNDA:0,(anonymous_7)
DA:2,1
DA:3,1
DA:4,1
DA:5,2
DA:6,1
DA:8,1
DA:9,1
DA:11,1
DA:12,1
DA:13,1
DA:14,1
DA:15,1
DA:16,1
DA:17,0
DA:18,0
DA:20,1
DA:21,0
DA:22,0
DA:23,0
DA:25,0
DA:26,0
DA:29,0
DA:30,0
DA:32,0
DA:34,0
DA:36,1
DA:40,1
DA:42,1
LF:28
LH:17
BRDA:2,1,0,1
BRDA:2,1,1,1
BRDA:2,1,2,1
BRDA:3,2,0,1
BRDA:3,2,1,0
BRDA:3,3,0,0
BRDA:3,3,1,0
BRDA:4,4,0,0
BRDA:4,4,1,1
BRDA:4,5,0,1
BRDA:4,5,1,1
BRDA:5,6,0,2
BRDA:5,6,1,0
BRDA:5,7,0,2
BRDA:5,7,1,1
BRDA:5,8,0,2
BRDA:5,8,1,0
BRDA:5,9,0,0
BRDA:5,9,1,0
BRDA:6,10,0,1
BRDA:6,10,1,0
BRDA:6,10,2,0
BRDA:8,11,0,1
BRDA:8,11,1,1
BRDA:8,11,2,1
BRDA:9,12,0,1
BRDA:9,12,1,0
BRDA:9,13,0,1
BRDA:9,13,1,1
BRDA:22,14,0,0
BRDA:22,14,1,0
BRF:31
BRH:18
end_of_record
TN:
SF:/Users/yonatanmolla/Documents/workspace3/jhippy-workstation/thehipcribs/src/main/webapp/app/shared/login/login.component.ts
FN:2,(anonymous_1)
FN:8,(anonymous_2)
FN:18,(anonymous_3)
FN:19,JhiLoginModalComponent
FN:29,(anonymous_5)
FN:32,(anonymous_6)
FN:41,(anonymous_7)
FN:47,(anonymous_8)
FN:65,(anonymous_9)
FN:69,(anonymous_10)
FN:73,(anonymous_11)
FNF:11
FNH:3
FNDA:1,(anonymous_1)
FNDA:1,(anonymous_2)
FNDA:1,(anonymous_3)
FNDA:0,JhiLoginModalComponent
FNDA:0,(anonymous_5)
FNDA:0,(anonymous_6)
FNDA:0,(anonymous_7)
FNDA:0,(anonymous_8)
FNDA:0,(anonymous_9)
FNDA:0,(anonymous_10)
FNDA:0,(anonymous_11)
DA:2,1
DA:3,1
DA:4,1
DA:5,2
DA:6,1
DA:8,1
DA:9,1
DA:11,1
DA:12,1
DA:13,1
DA:14,1
DA:15,1
DA:16,1
DA:17,1
DA:18,1
DA:19,1
DA:20,0
DA:21,0
DA:22,0
DA:23,0
DA:24,0
DA:25,0
DA:26,0
DA:27,0
DA:29,1
DA:30,0
DA:32,1
DA:33,0
DA:38,0
DA:39,0
DA:41,1
DA:42,0
DA:43,0
DA:48,0
DA:49,0
DA:50,0
DA:52,0
DA:54,0
DA:60,0
DA:61,0
DA:62,0
DA:63,0
DA:66,0
DA:69,1
DA:70,0
DA:71,0
DA:73,1
DA:74,0
DA:75,0
DA:77,1
DA:90,1
DA:92,1
LF:52
LH:24
BRDA:2,1,0,1
BRDA:2,1,1,1
BRDA:2,1,2,1
BRDA:3,2,0,1
BRDA:3,2,1,0
BRDA:3,3,0,0
BRDA:3,3,1,0
BRDA:4,4,0,0
BRDA:4,4,1,1
BRDA:4,5,0,1
BRDA:4,5,1,1
BRDA:5,6,0,2
BRDA:5,6,1,0
BRDA:5,7,0,2
BRDA:5,7,1,1
BRDA:5,8,0,2
BRDA:5,8,1,0
BRDA:5,9,0,0
BRDA:5,9,1,0
BRDA:6,10,0,1
BRDA:6,10,1,0
BRDA:6,10,2,0
BRDA:8,11,0,1
BRDA:8,11,1,1
BRDA:8,11,2,1
BRDA:9,12,0,1
BRDA:9,12,1,0
BRDA:9,13,0,1
BRDA:9,13,1,1
BRDA:50,14,0,0
BRDA:50,14,1,0
BRDA:50,15,0,0
BRDA:50,15,1,0
BRDA:50,15,2,0
BRDA:61,16,0,0
BRDA:61,16,1,0
BRF:36
BRH:18
end_of_record
TN:
SF:/Users/yonatanmolla/Documents/workspace3/jhippy-workstation/thehipcribs/src/main/webapp/app/shared/login/login.service.ts
FN:2,(anonymous_1)
FN:8,(anonymous_2)
FN:15,(anonymous_3)
FN:16,LoginService
FN:20,(anonymous_5)
FN:22,(anonymous_6)
FN:23,(anonymous_7)
FN:24,(anonymous_8)
FN:25,(anonymous_9)
FN:29,(anonymous_10)
FN:36,(anonymous_11)
FN:39,(anonymous_12)
FNF:12
FNH:3
FNDA:1,(anonymous_1)
FNDA:1,(anonymous_2)
FNDA:1,(anonymous_3)
FNDA:0,LoginService
FNDA:0,(anonymous_5)
FNDA:0,(anonymous_6)
FNDA:0,(anonymous_7)
FNDA:0,(anonymous_8)
FNDA:0,(anonymous_9)
FNDA:0,(anonymous_10)
FNDA:0,(anonymous_11)
FNDA:0,(anonymous_12)
DA:2,1
DA:3,1
DA:4,1
DA:5,2
DA:6,1
DA:8,1
DA:9,1
DA:11,1
DA:12,1
DA:13,1
DA:14,1
DA:15,1
DA:16,1
DA:17,0
DA:18,0
DA:20,1
DA:21,0
DA:22,0
DA:23,0
DA:24,0
DA:25,0
DA:26,0
DA:28,0
DA:30,0
DA:31,0
DA:32,0
DA:36,1
DA:37,0
DA:39,1
DA:40,0
DA:41,0
DA:43,1
DA:48,1
DA:50,1
LF:34
LH:19
BRDA:2,1,0,1
BRDA:2,1,1,1
BRDA:2,1,2,1
BRDA:3,2,0,1
BRDA:3,2,1,0
BRDA:3,3,0,0
BRDA:3,3,1,0
BRDA:4,4,0,0
BRDA:4,4,1,1
BRDA:4,5,0,1
BRDA:4,5,1,1
BRDA:5,6,0,2
BRDA:5,6,1,0
BRDA:5,7,0,2
BRDA:5,7,1,1
BRDA:5,8,0,2
BRDA:5,8,1,0
BRDA:5,9,0,0
BRDA:5,9,1,0
BRDA:6,10,0,1
BRDA:6,10,1,0
BRDA:6,10,2,0
BRDA:8,11,0,1
BRDA:8,11,1,1
BRDA:8,11,2,1
BRDA:9,12,0,1
BRDA:9,12,1,0
BRDA:9,13,0,1
BRDA:9,13,1,1
BRDA:22,14,0,0
BRDA:22,14,1,0
BRF:31
BRH:18
end_of_record
TN:
SF:/Users/yonatanmolla/Documents/workspace3/jhippy-workstation/thehipcribs/src/main/webapp/app/shared/user/account.model.ts
FN:3,(anonymous_1)
FN:4,Account
FNF:2
FNH:1
FNDA:1,(anonymous_1)
FNDA:0,Account
DA:2,1
DA:3,1
DA:4,1
DA:5,0
DA:6,0
DA:7,0
DA:8,0
DA:9,0
DA:10,0
DA:11,0
DA:12,0
DA:14,1
DA:16,1
LF:13
LH:5
BRF:0
BRH:0
end_of_record
TN:
SF:/Users/yonatanmolla/Documents/workspace3/jhippy-workstation/thehipcribs/src/main/webapp/app/shared/user/user.model.ts
FN:3,(anonymous_1)
FN:4,User
FNF:2
FNH:1
FNDA:1,(anonymous_1)
FNDA:0,User
DA:2,1
DA:3,1
DA:4,1
DA:5,0
DA:6,0
DA:7,0
DA:8,0
DA:9,0
DA:10,0
DA:11,0
DA:12,0
DA:13,0
DA:14,0
DA:15,0
DA:16,0
DA:17,0
DA:19,1
DA:21,1
LF:18
LH:5
BRDA:5,1,0,0
BRDA:5,1,1,0
BRDA:6,2,0,0
BRDA:6,2,1,0
BRDA:7,3,0,0
BRDA:7,3,1,0
BRDA:8,4,0,0
BRDA:8,4,1,0
BRDA:9,5,0,0
BRDA:9,5,1,0
BRDA:10,6,0,0
BRDA:10,6,1,0
BRDA:11,7,0,0
BRDA:11,7,1,0
BRDA:12,8,0,0
BRDA:12,8,1,0
BRDA:13,9,0,0
BRDA:13,9,1,0
BRDA:14,10,0,0
BRDA:14,10,1,0
BRDA:15,11,0,0
BRDA:15,11,1,0
BRDA:16,12,0,0
BRDA:16,12,1,0
BRDA:17,13,0,0
BRDA:17,13,1,0
BRF:26
BRH:0
end_of_record
TN:
SF:/Users/yonatanmolla/Documents/workspace3/jhippy-workstation/thehipcribs/src/main/webapp/app/shared/user/user.service.ts
FN:2,(anonymous_1)
FN:8,(anonymous_2)
FN:17,(anonymous_3)
FN:18,UserService
FN:22,(anonymous_5)
FN:25,(anonymous_6)
FN:27,(anonymous_7)
FN:30,(anonymous_8)
FN:32,(anonymous_9)
FN:33,(anonymous_10)
FN:35,(anonymous_11)
FN:39,(anonymous_12)
FN:41,(anonymous_13)
FN:44,(anonymous_14)
FN:45,(anonymous_15)
FN:50,(anonymous_16)
FNF:16
FNH:3
FNDA:1,(anonymous_1)
FNDA:1,(anonymous_2)
FNDA:1,(anonymous_3)
FNDA:0,UserService
FNDA:0,(anonymous_5)
FNDA:0,(anonymous_6)
FNDA:0,(anonymous_7)
FNDA:0,(anonymous_8)
FNDA:0,(anonymous_9)
FNDA:0,(anonymous_10)
FNDA:0,(anonymous_11)
FNDA:0,(anonymous_12)
FNDA:0,(anonymous_13)
FNDA:0,(anonymous_14)
FNDA:0,(anonymous_15)
FNDA:0,(anonymous_16)
DA:2,1
DA:3,1
DA:4,1
DA:5,2
DA:6,1
DA:8,1
DA:9,1
DA:11,1
DA:12,1
DA:13,1
DA:14,1
DA:15,1
DA:16,1
DA:17,1
DA:18,1
DA:19,0
DA:20,0
DA:22,1
DA:23,0
DA:24,0
DA:25,0
DA:27,1
DA:28,0
DA:29,0
DA:30,0
DA:32,1
DA:33,0
DA:35,1
DA:36,0
DA:37,0
DA:38,0
DA:39,0
DA:41,1
DA:42,0
DA:44,1
DA:45,0
DA:46,0
DA:47,0
DA:50,1
DA:51,0
DA:52,0
DA:54,1
DA:58,1
DA:60,1
LF:44
LH:25
BRDA:2,1,0,1
BRDA:2,1,1,1
BRDA:2,1,2,1
BRDA:3,2,0,1
BRDA:3,2,1,0
BRDA:3,3,0,0
BRDA:3,3,1,0
BRDA:4,4,0,0
BRDA:4,4,1,1
BRDA:4,5,0,1
BRDA:4,5,1,1
BRDA:5,6,0,2
BRDA:5,6,1,0
BRDA:5,7,0,2
BRDA:5,7,1,1
BRDA:5,8,0,2
BRDA:5,8,1,0
BRDA:5,9,0,0
BRDA:5,9,1,0
BRDA:6,10,0,1
BRDA:6,10,1,0
BRDA:6,10,2,0
BRDA:8,11,0,1
BRDA:8,11,1,1
BRDA:8,11,2,1
BRDA:9,12,0,1
BRDA:9,12,1,0
BRDA:9,13,0,1
BRDA:9,13,1,1
BRF:29
BRH:18
end_of_record
TN:
SF:/Users/yonatanmolla/Documents/workspace3/jhippy-workstation/thehipcribs/src/main/webapp/app/shared/model/response-wrapper.model.ts
FN:3,(anonymous_1)
FN:4,ResponseWrapper
FNF:2
FNH:1
FNDA:1,(anonymous_1)
FNDA:0,ResponseWrapper
DA:2,1
DA:3,1
DA:4,1
DA:5,0
DA:6,0
DA:7,0
DA:9,1
DA:11,1
LF:8
LH:5
BRF:0
BRH:0
end_of_record
TN:
SF:/Users/yonatanmolla/Documents/workspace3/jhippy-workstation/thehipcribs/src/main/webapp/app/shared/model/request-util.ts
FN:4,(anonymous_1)
FNF:1
FNH:0
FNDA:0,(anonymous_1)
DA:2,1
DA:3,1
DA:4,1
DA:5,0
DA:6,0
DA:7,0
DA:8,0
DA:9,0
DA:10,0
DA:11,0
DA:13,0
DA:14,0
DA:16,0
LF:13
LH:3
BRDA:6,1,0,0
BRDA:6,1,1,0
BRDA:10,2,0,0
BRDA:10,2,1,0
BRF:4
BRH:0
end_of_record
TN:
SF:/Users/yonatanmolla/Documents/workspace3/jhippy-workstation/thehipcribs/src/main/webapp/app/shared/shared-libs.module.ts
FN:2,(anonymous_1)
FN:17,(anonymous_2)
FN:18,ThehipcribsSharedLibsModule
FNF:3
FNH:2
FNDA:1,(anonymous_1)
FNDA:1,(anonymous_2)
FNDA:0,ThehipcribsSharedLibsModule
DA:2,1
DA:3,1
DA:4,1
DA:5,1
DA:6,1
DA:8,1
DA:9,1
DA:10,1
DA:11,1
DA:12,1
DA:13,1
DA:14,1
DA:15,1
DA:16,1
DA:17,1
DA:18,1
DA:20,1
DA:41,1
DA:43,1
LF:19
LH:19
BRDA:2,1,0,1
BRDA:2,1,1,1
BRDA:2,1,2,1
BRDA:3,2,0,1
BRDA:3,2,1,0
BRDA:3,3,0,0
BRDA:3,3,1,0
BRDA:4,4,0,0
BRDA:4,4,1,1
BRDA:4,5,0,1
BRDA:4,5,1,1
BRDA:5,6,0,1
BRDA:5,6,1,0
BRDA:5,7,0,1
BRDA:5,7,1,0
BRDA:5,8,0,1
BRDA:5,8,1,0
BRDA:5,9,0,0
BRDA:5,9,1,0
BRDA:6,10,0,1
BRDA:6,10,1,0
BRDA:6,10,2,0
BRF:22
BRH:11
end_of_record
TN:
SF:/Users/yonatanmolla/Documents/workspace3/jhippy-workstation/thehipcribs/src/main/webapp/app/shared/shared-common.module.ts
FN:2,(anonymous_1)
FN:12,(anonymous_2)
FN:13,ThehipcribsSharedCommonModule
FNF:3
FNH:2
FNDA:1,(anonymous_1)
FNDA:1,(anonymous_2)
FNDA:0,ThehipcribsSharedCommonModule
DA:2,1
DA:3,1
DA:4,1
DA:5,1
DA:6,1
DA:8,1
DA:9,1
DA:10,1
DA:11,1
DA:12,1
DA:13,1
DA:15,1
DA:38,1
DA:40,1
LF:14
LH:14
BRDA:2,1,0,1
BRDA:2,1,1,1
BRDA:2,1,2,1
BRDA:3,2,0,1
BRDA:3,2,1,0
BRDA:3,3,0,0
BRDA:3,3,1,0
BRDA:4,4,0,0
BRDA:4,4,1,1
BRDA:4,5,0,1
BRDA:4,5,1,1
BRDA:5,6,0,1
BRDA:5,6,1,0
BRDA:5,7,0,1
BRDA:5,7,1,0
BRDA:5,8,0,1
BRDA:5,8,1,0
BRDA:5,9,0,0
BRDA:5,9,1,0
BRDA:6,10,0,1
BRDA:6,10,1,0
BRDA:6,10,2,0
BRF:22
BRH:11
end_of_record
TN:
SF:/Users/yonatanmolla/Documents/workspace3/jhippy-workstation/thehipcribs/src/main/webapp/app/shared/shared.module.ts
FN:2,(anonymous_1)
FN:12,(anonymous_2)
FN:13,ThehipcribsSharedModule
FNF:3
FNH:2
FNDA:1,(anonymous_1)
FNDA:1,(anonymous_2)
FNDA:0,ThehipcribsSharedModule
DA:2,1
DA:3,1
DA:4,1
DA:5,1
DA:6,1
DA:8,1
DA:9,1
DA:10,1
DA:11,1
DA:12,1
DA:13,1
DA:15,1
DA:46,1
DA:48,1
LF:14
LH:14
BRDA:2,1,0,1
BRDA:2,1,1,1
BRDA:2,1,2,1
BRDA:3,2,0,1
BRDA:3,2,1,0
BRDA:3,3,0,0
BRDA:3,3,1,0
BRDA:4,4,0,0
BRDA:4,4,1,1
BRDA:4,5,0,1
BRDA:4,5,1,1
BRDA:5,6,0,1
BRDA:5,6,1,0
BRDA:5,7,0,1
BRDA:5,7,1,0
BRDA:5,8,0,1
BRDA:5,8,1,0
BRDA:5,9,0,0
BRDA:5,9,1,0
BRDA:6,10,0,1
BRDA:6,10,1,0
BRDA:6,10,2,0
BRF:22
BRH:11
end_of_record
TN:
SF:/Users/yonatanmolla/Documents/workspace3/jhippy-workstation/thehipcribs/src/main/webapp/app/shared/services/cribs.service.ts
FN:2,(anonymous_1)
FN:8,(anonymous_2)
FN:17,(anonymous_3)
FN:18,CribsService
FN:23,(anonymous_5)
FN:25,(anonymous_6)
FN:26,(anonymous_7)
FN:32,(anonymous_8)
FNF:8
FNH:3
FNDA:1,(anonymous_1)
FNDA:1,(anonymous_2)
FNDA:1,(anonymous_3)
FNDA:0,CribsService
FNDA:0,(anonymous_5)
FNDA:0,(anonymous_6)
FNDA:0,(anonymous_7)
FNDA:0,(anonymous_8)
DA:2,1
DA:3,1
DA:4,1
DA:5,2
DA:6,1
DA:8,1
DA:9,1
DA:11,1
DA:12,1
DA:13,1
DA:14,1
DA:16,1
DA:17,1
DA:18,1
DA:19,0
DA:20,0
DA:23,1
DA:24,0
DA:25,0
DA:26,0
DA:32,1
DA:33,0
DA:34,0
DA:36,1
DA:40,1
DA:42,1
LF:26
LH:19
BRDA:2,1,0,1
BRDA:2,1,1,1
BRDA:2,1,2,1
BRDA:3,2,0,1
BRDA:3,2,1,0
BRDA:3,3,0,0
BRDA:3,3,1,0
BRDA:4,4,0,0
BRDA:4,4,1,1
BRDA:4,5,0,1
BRDA:4,5,1,1
BRDA:5,6,0,2
BRDA:5,6,1,0
BRDA:5,7,0,2
BRDA:5,7,1,1
BRDA:5,8,0,2
BRDA:5,8,1,0
BRDA:5,9,0,0
BRDA:5,9,1,0
BRDA:6,10,0,1
BRDA:6,10,1,0
BRDA:6,10,2,0
BRDA:8,11,0,1
BRDA:8,11,1,1
BRDA:8,11,2,1
BRDA:9,12,0,1
BRDA:9,12,1,0
BRDA:9,13,0,1
BRDA:9,13,1,1
BRF:29
BRH:18
end_of_record
TN:
SF:/Users/yonatanmolla/Documents/workspace3/jhippy-workstation/thehipcribs/src/main/webapp/app/shared/services/util.service.ts
FN:2,(anonymous_1)
FN:8,(anonymous_2)
FN:13,(anonymous_3)
FN:14,UtilService
FN:16,(anonymous_5)
FNF:5
FNH:3
FNDA:1,(anonymous_1)
FNDA:1,(anonymous_2)
FNDA:1,(anonymous_3)
FNDA:0,UtilService
FNDA:0,(anonymous_5)
DA:2,1
DA:3,1
DA:4,1
DA:5,2
DA:6,1
DA:8,1
DA:9,1
DA:11,1
DA:12,1
DA:13,1
DA:14,1
DA:16,1
DA:17,0
DA:19,1
DA:23,1
DA:25,1
LF:16
LH:15
BRDA:2,1,0,1
BRDA:2,1,1,1
BRDA:2,1,2,1
BRDA:3,2,0,1
BRDA:3,2,1,0
BRDA:3,3,0,0
BRDA:3,3,1,0
BRDA:4,4,0,0
BRDA:4,4,1,1
BRDA:4,5,0,1
BRDA:4,5,1,1
BRDA:5,6,0,2
BRDA:5,6,1,0
BRDA:5,7,0,2
BRDA:5,7,1,1
BRDA:5,8,0,2
BRDA:5,8,1,0
BRDA:5,9,0,0
BRDA:5,9,1,0
BRDA:6,10,0,1
BRDA:6,10,1,0
BRDA:6,10,2,0
BRDA:8,11,0,1
BRDA:8,11,1,1
BRDA:8,11,2,1
BRDA:9,12,0,1
BRDA:9,12,1,0
BRDA:9,13,0,1
BRDA:9,13,1,1
BRF:29
BRH:18
end_of_record
TN:
SF:/Users/yonatanmolla/Documents/workspace3/jhippy-workstation/thehipcribs/src/main/webapp/app/account/activate/activate.service.ts
FN:2,(anonymous_1)
FN:8,(anonymous_2)
FN:15,(anonymous_3)
FN:16,ActivateService
FN:19,(anonymous_5)
FN:24,(anonymous_6)
FNF:6
FNH:4
FNDA:1,(anonymous_1)
FNDA:1,(anonymous_2)
FNDA:1,(anonymous_3)
FNDA:3,ActivateService
FNDA:0,(anonymous_5)
FNDA:0,(anonymous_6)
DA:2,1
DA:3,1
DA:4,1
DA:5,2
DA:6,1
DA:8,1
DA:9,1
DA:11,1
DA:12,1
DA:13,1
DA:14,1
DA:15,1
DA:16,1
DA:17,3
DA:19,1
DA:20,0
DA:21,0
DA:22,0
DA:24,0
DA:26,1
DA:30,1
DA:32,1
LF:22
LH:18
BRDA:2,1,0,1
BRDA:2,1,1,1
BRDA:2,1,2,1
BRDA:3,2,0,1
BRDA:3,2,1,0
BRDA:3,3,0,0
BRDA:3,3,1,0
BRDA:4,4,0,0
BRDA:4,4,1,1
BRDA:4,5,0,1
BRDA:4,5,1,1
BRDA:5,6,0,2
BRDA:5,6,1,0
BRDA:5,7,0,2
BRDA:5,7,1,1
BRDA:5,8,0,2
BRDA:5,8,1,0
BRDA:5,9,0,0
BRDA:5,9,1,0
BRDA:6,10,0,1
BRDA:6,10,1,0
BRDA:6,10,2,0
BRDA:8,11,0,1
BRDA:8,11,1,1
BRDA:8,11,2,1
BRDA:9,12,0,1
BRDA:9,12,1,0
BRDA:9,13,0,1
BRDA:9,13,1,1
BRF:29
BRH:18
end_of_record
TN:
SF:/Users/yonatanmolla/Documents/workspace3/jhippy-workstation/thehipcribs/src/main/webapp/app/account/activate/activate.component.ts
FN:2,(anonymous_1)
FN:8,(anonymous_2)
FN:16,(anonymous_3)
FN:17,ActivateComponent
FN:22,(anonymous_5)
FN:24,(anonymous_6)
FN:25,(anonymous_7)
FN:28,(anonymous_8)
FN:34,(anonymous_9)
FNF:9
FNH:8
FNDA:1,(anonymous_1)
FNDA:1,(anonymous_2)
FNDA:1,(anonymous_3)
FNDA:3,ActivateComponent
FNDA:3,(anonymous_5)
FNDA:3,(anonymous_6)
FNDA:1,(anonymous_7)
FNDA:1,(anonymous_8)
FNDA:0,(anonymous_9)
DA:2,1
DA:3,1
DA:4,1
DA:5,2
DA:6,1
DA:8,1
DA:9,1
DA:11,1
DA:12,1
DA:13,1
DA:14,1
DA:15,1
DA:16,1
DA:17,1
DA:18,3
DA:19,3
DA:20,3
DA:22,1
DA:23,3
DA:24,3
DA:25,3
DA:26,1
DA:27,1
DA:29,1
DA:30,1
DA:34,1
DA:35,0
DA:37,1
DA:46,1
DA:48,1
LF:30
LH:29
BRDA:2,1,0,1
BRDA:2,1,1,1
BRDA:2,1,2,1
BRDA:3,2,0,1
BRDA:3,2,1,0
BRDA:3,3,0,0
BRDA:3,3,1,0
BRDA:4,4,0,0
BRDA:4,4,1,1
BRDA:4,5,0,1
BRDA:4,5,1,1
BRDA:5,6,0,2
BRDA:5,6,1,0
BRDA:5,7,0,2
BRDA:5,7,1,1
BRDA:5,8,0,2
BRDA:5,8,1,0
BRDA:5,9,0,0
BRDA:5,9,1,0
BRDA:6,10,0,1
BRDA:6,10,1,0
BRDA:6,10,2,0
BRDA:8,11,0,1
BRDA:8,11,1,1
BRDA:8,11,2,1
BRDA:9,12,0,1
BRDA:9,12,1,0
BRDA:9,13,0,1
BRDA:9,13,1,1
BRF:29
BRH:18
end_of_record
TN:
SF:/Users/yonatanmolla/Documents/workspace3/jhippy-workstation/thehipcribs/src/main/webapp/app/account/password-reset/finish/password-reset-finish.component.ts
FN:2,(anonymous_1)
FN:8,(anonymous_2)
FN:16,(anonymous_3)
FN:17,PasswordResetFinishComponent
FN:24,(anonymous_5)
FN:26,(anonymous_6)
FN:32,(anonymous_7)
FN:37,(anonymous_8)
FN:45,(anonymous_9)
FN:47,(anonymous_10)
FN:53,(anonymous_11)
FNF:11
FNH:7
FNDA:1,(anonymous_1)
FNDA:1,(anonymous_2)
FNDA:1,(anonymous_3)
FNDA:2,PasswordResetFinishComponent
FNDA:1,(anonymous_5)
FNDA:1,(anonymous_6)
FNDA:1,(anonymous_7)
FNDA:0,(anonymous_8)
FNDA:0,(anonymous_9)
FNDA:0,(anonymous_10)
FNDA:0,(anonymous_11)
DA:2,1
DA:3,1
DA:4,1
DA:5,2
DA:6,1
DA:8,1
DA:9,1
DA:11,1
DA:12,1
DA:13,1
DA:14,1
DA:15,1
DA:16,1
DA:17,1
DA:18,2
DA:19,2
DA:20,2
DA:21,2
DA:22,2
DA:24,1
DA:25,1
DA:26,1
DA:27,1
DA:29,1
DA:30,1
DA:32,1
DA:33,1
DA:34,1
DA:37,1
DA:38,0
DA:39,0
DA:40,0
DA:41,0
DA:42,0
DA:45,0
DA:46,0
DA:48,0
DA:49,0
DA:53,1
DA:54,0
DA:56,1
DA:66,1
DA:68,1
LF:43
LH:33
BRDA:2,1,0,1
BRDA:2,1,1,1
BRDA:2,1,2,1
BRDA:3,2,0,1
BRDA:3,2,1,0
BRDA:3,3,0,0
BRDA:3,3,1,0
BRDA:4,4,0,0
BRDA:4,4,1,1
BRDA:4,5,0,1
BRDA:4,5,1,1
BRDA:5,6,0,2
BRDA:5,6,1,0
BRDA:5,7,0,2
BRDA:5,7,1,1
BRDA:5,8,0,2
BRDA:5,8,1,0
BRDA:5,9,0,0
BRDA:5,9,1,0
BRDA:6,10,0,1
BRDA:6,10,1,0
BRDA:6,10,2,0
BRDA:8,11,0,1
BRDA:8,11,1,1
BRDA:8,11,2,1
BRDA:9,12,0,1
BRDA:9,12,1,0
BRDA:9,13,0,1
BRDA:9,13,1,1
BRDA:33,14,0,1
BRDA:33,14,1,0
BRDA:41,15,0,0
BRDA:41,15,1,0
BRF:33
BRH:19
end_of_record
TN:
SF:/Users/yonatanmolla/Documents/workspace3/jhippy-workstation/thehipcribs/src/main/webapp/app/account/password-reset/finish/password-reset-finish.service.ts
FN:2,(anonymous_1)
FN:8,(anonymous_2)
FN:15,(anonymous_3)
FN:16,PasswordResetFinishService
FN:19,(anonymous_5)
FNF:5
FNH:4
FNDA:1,(anonymous_1)
FNDA:1,(anonymous_2)
FNDA:1,(anonymous_3)
FNDA:2,PasswordResetFinishService
FNDA:0,(anonymous_5)
DA:2,1
DA:3,1
DA:4,1
DA:5,2
DA:6,1
DA:8,1
DA:9,1
DA:11,1
DA:12,1
DA:13,1
DA:14,1
DA:15,1
DA:16,1
DA:17,2
DA:19,1
DA:20,0
DA:22,1
DA:26,1
DA:28,1
LF:19
LH:18
BRDA:2,1,0,1
BRDA:2,1,1,1
BRDA:2,1,2,1
BRDA:3,2,0,1
BRDA:3,2,1,0
BRDA:3,3,0,0
BRDA:3,3,1,0
BRDA:4,4,0,0
BRDA:4,4,1,1
BRDA:4,5,0,1
BRDA:4,5,1,1
BRDA:5,6,0,2
BRDA:5,6,1,0
BRDA:5,7,0,2
BRDA:5,7,1,1
BRDA:5,8,0,2
BRDA:5,8,1,0
BRDA:5,9,0,0
BRDA:5,9,1,0
BRDA:6,10,0,1
BRDA:6,10,1,0
BRDA:6,10,2,0
BRDA:8,11,0,1
BRDA:8,11,1,1
BRDA:8,11,2,1
BRDA:9,12,0,1
BRDA:9,12,1,0
BRDA:9,13,0,1
BRDA:9,13,1,1
BRF:29
BRH:18
end_of_record
TN:
SF:/Users/yonatanmolla/Documents/workspace3/jhippy-workstation/thehipcribs/src/main/webapp/app/account/password-reset/init/password-reset-init.component.ts
FN:2,(anonymous_1)
FN:8,(anonymous_2)
FN:15,(anonymous_3)
FN:16,PasswordResetInitComponent
FN:21,(anonymous_5)
FN:24,(anonymous_6)
FN:27,(anonymous_7)
FN:31,(anonymous_8)
FN:33,(anonymous_9)
FNF:9
FNH:9
FNDA:1,(anonymous_1)
FNDA:1,(anonymous_2)
FNDA:1,(anonymous_3)
FNDA:5,PasswordResetInitComponent
FNDA:5,(anonymous_5)
FNDA:1,(anonymous_6)
FNDA:3,(anonymous_7)
FNDA:1,(anonymous_8)
FNDA:2,(anonymous_9)
DA:2,1
DA:3,1
DA:4,1
DA:5,2
DA:6,1
DA:8,1
DA:9,1
DA:11,1
DA:12,1
DA:13,1
DA:14,1
DA:15,1
DA:16,1
DA:17,5
DA:18,5
DA:19,5
DA:21,1
DA:22,5
DA:24,1
DA:25,1
DA:27,1
DA:28,3
DA:29,3
DA:30,3
DA:31,3
DA:32,1
DA:34,2
DA:35,2
DA:36,1
DA:39,1
DA:43,1
DA:52,1
DA:54,1
LF:33
LH:33
BRDA:2,1,0,1
BRDA:2,1,1,1
BRDA:2,1,2,1
BRDA:3,2,0,1
BRDA:3,2,1,0
BRDA:3,3,0,0
BRDA:3,3,1,0
BRDA:4,4,0,0
BRDA:4,4,1,1
BRDA:4,5,0,1
BRDA:4,5,1,1
BRDA:5,6,0,2
BRDA:5,6,1,0
BRDA:5,7,0,2
BRDA:5,7,1,1
BRDA:5,8,0,2
BRDA:5,8,1,0
BRDA:5,9,0,0
BRDA:5,9,1,0
BRDA:6,10,0,1
BRDA:6,10,1,0
BRDA:6,10,2,0
BRDA:8,11,0,1
BRDA:8,11,1,1
BRDA:8,11,2,1
BRDA:9,12,0,1
BRDA:9,12,1,0
BRDA:9,13,0,1
BRDA:9,13,1,1
BRDA:35,14,0,1
BRDA:35,14,1,1
BRDA:35,15,0,2
BRDA:35,15,1,1
BRF:33
BRH:22
end_of_record
TN:
SF:/Users/yonatanmolla/Documents/workspace3/jhippy-workstation/thehipcribs/src/main/webapp/app/account/password-reset/init/password-reset-init.service.ts
FN:2,(anonymous_1)
FN:8,(anonymous_2)
FN:15,(anonymous_3)
FN:16,PasswordResetInitService
FN:19,(anonymous_5)
FNF:5
FNH:4
FNDA:1,(anonymous_1)
FNDA:1,(anonymous_2)
FNDA:1,(anonymous_3)
FNDA:5,PasswordResetInitService
FNDA:0,(anonymous_5)
DA:2,1
DA:3,1
DA:4,1
DA:5,2
DA:6,1
DA:8,1
DA:9,1
DA:11,1
DA:12,1
DA:13,1
DA:14,1
DA:15,1
DA:16,1
DA:17,5
DA:19,1
DA:20,0
DA:22,1
DA:26,1
DA:28,1
LF:19
LH:18
BRDA:2,1,0,1
BRDA:2,1,1,1
BRDA:2,1,2,1
BRDA:3,2,0,1
BRDA:3,2,1,0
BRDA:3,3,0,0
BRDA:3,3,1,0
BRDA:4,4,0,0
BRDA:4,4,1,1
BRDA:4,5,0,1
BRDA:4,5,1,1
BRDA:5,6,0,2
BRDA:5,6,1,0
BRDA:5,7,0,2
BRDA:5,7,1,1
BRDA:5,8,0,2
BRDA:5,8,1,0
BRDA:5,9,0,0
BRDA:5,9,1,0
BRDA:6,10,0,1
BRDA:6,10,1,0
BRDA:6,10,2,0
BRDA:8,11,0,1
BRDA:8,11,1,1
BRDA:8,11,2,1
BRDA:9,12,0,1
BRDA:9,12,1,0
BRDA:9,13,0,1
BRDA:9,13,1,1
BRF:29
BRH:18
end_of_record
TN:
SF:/Users/yonatanmolla/Documents/workspace3/jhippy-workstation/thehipcribs/src/main/webapp/app/account/password/password-strength-bar.component.ts
FN:2,(anonymous_1)
FN:8,(anonymous_2)
FN:13,(anonymous_3)
FN:14,PasswordStrengthBarComponent
FN:19,(anonymous_5)
FN:27,(anonymous_6)
FN:41,(anonymous_7)
FN:62,(anonymous_8)
FNF:8
FNH:7
FNDA:2,(anonymous_1)
FNDA:3,(anonymous_2)
FNDA:1,(anonymous_3)
FNDA:3,PasswordStrengthBarComponent
FNDA:10,(anonymous_5)
FNDA:40,(anonymous_6)
FNDA:7,(anonymous_7)
FNDA:0,(anonymous_8)
DA:2,1
DA:3,2
DA:4,2
DA:5,5
DA:6,2
DA:8,1
DA:9,3
DA:11,1
DA:12,1
DA:13,1
DA:14,1
DA:15,3
DA:16,3
DA:17,3
DA:19,1
DA:20,10
DA:21,10
DA:22,10
DA:23,10
DA:24,10
DA:25,10
DA:26,10
DA:27,10
DA:28,40
DA:30,10
DA:31,10
DA:33,10
DA:35,10
DA:36,10
DA:37,10
DA:38,10
DA:41,1
DA:42,7
DA:43,7
DA:44,3
DA:46,4
DA:47,1
DA:49,3
DA:50,1
DA:52,2
DA:53,1
DA:56,1
DA:58,7
DA:61,1
DA:63,0
DA:64,0
DA:65,0
DA:66,0
DA:67,0
DA:69,0
DA:70,0
DA:71,0
DA:72,0
DA:75,0
DA:83,1
DA:88,1
DA:98,1
DA:100,1
LF:58
LH:48
BRDA:2,1,0,1
BRDA:2,1,1,1
BRDA:2,1,2,1
BRDA:3,2,0,1
BRDA:3,2,1,1
BRDA:3,3,0,1
BRDA:3,3,1,0
BRDA:4,4,0,0
BRDA:4,4,1,2
BRDA:4,5,0,2
BRDA:4,5,1,2
BRDA:5,6,0,5
BRDA:5,6,1,0
BRDA:5,7,0,5
BRDA:5,7,1,4
BRDA:5,8,0,2
BRDA:5,8,1,3
BRDA:5,9,0,3
BRDA:5,9,1,0
BRDA:6,10,0,2
BRDA:6,10,1,1
BRDA:6,10,2,1
BRDA:8,11,0,1
BRDA:8,11,1,1
BRDA:8,11,2,1
BRDA:9,12,0,3
BRDA:9,12,1,0
BRDA:9,13,0,3
BRDA:9,13,1,3
BRDA:30,14,0,1
BRDA:30,14,1,9
BRDA:33,15,0,7
BRDA:33,15,1,3
BRDA:35,16,0,2
BRDA:35,16,1,8
BRDA:36,17,0,0
BRDA:36,17,1,10
BRDA:37,18,0,2
BRDA:37,18,1,8
BRDA:43,19,0,3
BRDA:43,19,1,4
BRDA:46,20,0,1
BRDA:46,20,1,3
BRDA:49,21,0,1
BRDA:49,21,1,2
BRDA:52,22,0,1
BRDA:52,22,1,1
BRDA:63,23,0,0
BRDA:63,23,1,0
BRDA:66,24,0,0
BRDA:66,24,1,0
BRDA:71,25,0,0
BRDA:71,25,1,0
BRF:53
BRH:41
end_of_record
TN:
SF:/Users/yonatanmolla/Documents/workspace3/jhippy-workstation/thehipcribs/src/main/webapp/app/account/password/password.component.ts
FN:2,(anonymous_1)
FN:8,(anonymous_2)
FN:15,(anonymous_3)
FN:16,PasswordComponent
FN:20,(anonymous_5)
FN:22,(anonymous_6)
FN:26,(anonymous_7)
FN:35,(anonymous_8)
FN:38,(anonymous_9)
FNF:9
FNH:7
FNDA:1,(anonymous_1)
FNDA:1,(anonymous_2)
FNDA:1,(anonymous_3)
FNDA:4,PasswordComponent
FNDA:0,(anonymous_5)
FNDA:0,(anonymous_6)
FNDA:4,(anonymous_7)
FNDA:2,(anonymous_8)
FNDA:1,(anonymous_9)
DA:2,1
DA:3,1
DA:4,1
DA:5,2
DA:6,1
DA:8,1
DA:9,1
DA:11,1
DA:12,1
DA:13,1
DA:14,1
DA:15,1
DA:16,1
DA:17,4
DA:18,4
DA:20,1
DA:21,0
DA:22,0
DA:23,0
DA:26,1
DA:27,4
DA:28,4
DA:29,1
DA:30,1
DA:31,1
DA:34,3
DA:35,3
DA:36,2
DA:37,2
DA:39,1
DA:40,1
DA:44,1
DA:52,1
DA:54,1
LF:34
LH:31
BRDA:2,1,0,1
BRDA:2,1,1,1
BRDA:2,1,2,1
BRDA:3,2,0,1
BRDA:3,2,1,0
BRDA:3,3,0,0
BRDA:3,3,1,0
BRDA:4,4,0,0
BRDA:4,4,1,1
BRDA:4,5,0,1
BRDA:4,5,1,1
BRDA:5,6,0,2
BRDA:5,6,1,0
BRDA:5,7,0,2
BRDA:5,7,1,1
BRDA:5,8,0,2
BRDA:5,8,1,0
BRDA:5,9,0,0
BRDA:5,9,1,0
BRDA:6,10,0,1
BRDA:6,10,1,0
BRDA:6,10,2,0
BRDA:8,11,0,1
BRDA:8,11,1,1
BRDA:8,11,2,1
BRDA:9,12,0,1
BRDA:9,12,1,0
BRDA:9,13,0,1
BRDA:9,13,1,1
BRDA:28,14,0,1
BRDA:28,14,1,3
BRF:31
BRH:20
end_of_record
TN:
SF:/Users/yonatanmolla/Documents/workspace3/jhippy-workstation/thehipcribs/src/main/webapp/app/account/password/password.service.ts
FN:2,(anonymous_1)
FN:8,(anonymous_2)
FN:15,(anonymous_3)
FN:16,PasswordService
FN:19,(anonymous_5)
FNF:5
FNH:4
FNDA:1,(anonymous_1)
FNDA:1,(anonymous_2)
FNDA:1,(anonymous_3)
FNDA:4,PasswordService
FNDA:0,(anonymous_5)
DA:2,1
DA:3,1
DA:4,1
DA:5,2
DA:6,1
DA:8,1
DA:9,1
DA:11,1
DA:12,1
DA:13,1
DA:14,1
DA:15,1
DA:16,1
DA:17,4
DA:19,1
DA:20,0
DA:22,1
DA:26,1
DA:28,1
LF:19
LH:18
BRDA:2,1,0,1
BRDA:2,1,1,1
BRDA:2,1,2,1
BRDA:3,2,0,1
BRDA:3,2,1,0
BRDA:3,3,0,0
BRDA:3,3,1,0
BRDA:4,4,0,0
BRDA:4,4,1,1
BRDA:4,5,0,1
BRDA:4,5,1,1
BRDA:5,6,0,2
BRDA:5,6,1,0
BRDA:5,7,0,2
BRDA:5,7,1,1
BRDA:5,8,0,2
BRDA:5,8,1,0
BRDA:5,9,0,0
BRDA:5,9,1,0
BRDA:6,10,0,1
BRDA:6,10,1,0
BRDA:6,10,2,0
BRDA:8,11,0,1
BRDA:8,11,1,1
BRDA:8,11,2,1
BRDA:9,12,0,1
BRDA:9,12,1,0
BRDA:9,13,0,1
BRDA:9,13,1,1
BRF:29
BRH:18
end_of_record
TN:
SF:/Users/yonatanmolla/Documents/workspace3/jhippy-workstation/thehipcribs/src/main/webapp/app/account/register/register.service.ts
FN:2,(anonymous_1)
FN:8,(anonymous_2)
FN:15,(anonymous_3)
FN:16,Register
FN:19,(anonymous_5)
FNF:5
FNH:4
FNDA:1,(anonymous_1)
FNDA:1,(anonymous_2)
FNDA:1,(anonymous_3)
FNDA:5,Register
FNDA:0,(anonymous_5)
DA:2,1
DA:3,1
DA:4,1
DA:5,2
DA:6,1
DA:8,1
DA:9,1
DA:11,1
DA:12,1
DA:13,1
DA:14,1
DA:15,1
DA:16,1
DA:17,5
DA:19,1
DA:20,0
DA:22,1
DA:26,1
DA:28,1
LF:19
LH:18
BRDA:2,1,0,1
BRDA:2,1,1,1
BRDA:2,1,2,1
BRDA:3,2,0,1
BRDA:3,2,1,0
BRDA:3,3,0,0
BRDA:3,3,1,0
BRDA:4,4,0,0
BRDA:4,4,1,1
BRDA:4,5,0,1
BRDA:4,5,1,1
BRDA:5,6,0,2
BRDA:5,6,1,0
BRDA:5,7,0,2
BRDA:5,7,1,1
BRDA:5,8,0,2
BRDA:5,8,1,0
BRDA:5,9,0,0
BRDA:5,9,1,0
BRDA:6,10,0,1
BRDA:6,10,1,0
BRDA:6,10,2,0
BRDA:8,11,0,1
BRDA:8,11,1,1
BRDA:8,11,2,1
BRDA:9,12,0,1
BRDA:9,12,1,0
BRDA:9,13,0,1
BRDA:9,13,1,1
BRF:29
BRH:18
end_of_record
TN:
SF:/Users/yonatanmolla/Documents/workspace3/jhippy-workstation/thehipcribs/src/main/webapp/app/account/register/register.component.ts
FN:2,(anonymous_1)
FN:8,(anonymous_2)
FN:15,(anonymous_3)
FN:16,RegisterComponent
FN:22,(anonymous_5)
FN:26,(anonymous_6)
FN:29,(anonymous_7)
FN:40,(anonymous_8)
FN:42,(anonymous_9)
FN:45,(anonymous_10)
FN:48,(anonymous_11)
FNF:11
FNH:9
FNDA:1,(anonymous_1)
FNDA:1,(anonymous_2)
FNDA:1,(anonymous_3)
FNDA:5,RegisterComponent
FNDA:5,(anonymous_5)
FNDA:0,(anonymous_6)
FNDA:5,(anonymous_7)
FNDA:1,(anonymous_8)
FNDA:3,(anonymous_9)
FNDA:0,(anonymous_10)
FNDA:3,(anonymous_11)
DA:2,1
DA:3,1
DA:4,1
DA:5,2
DA:6,1
DA:8,1
DA:9,1
DA:11,1
DA:12,1
DA:13,1
DA:14,1
DA:15,1
DA:16,1
DA:17,5
DA:18,5
DA:19,5
DA:20,5
DA:22,1
DA:23,5
DA:24,5
DA:26,1
DA:27,0
DA:29,1
DA:30,5
DA:31,5
DA:32,1
DA:35,4
DA:36,4
DA:37,4
DA:38,4
DA:39,4
DA:40,4
DA:41,1
DA:42,3
DA:45,1
DA:46,0
DA:48,1
DA:49,3
DA:50,3
DA:51,1
DA:53,2
DA:54,1
DA:57,1
DA:60,1
DA:70,1
DA:72,1
LF:46
LH:44
BRDA:2,1,0,1
BRDA:2,1,1,1
BRDA:2,1,2,1
BRDA:3,2,0,1
BRDA:3,2,1,0
BRDA:3,3,0,0
BRDA:3,3,1,0
BRDA:4,4,0,0
BRDA:4,4,1,1
BRDA:4,5,0,1
BRDA:4,5,1,1
BRDA:5,6,0,2
BRDA:5,6,1,0
BRDA:5,7,0,2
BRDA:5,7,1,1
BRDA:5,8,0,2
BRDA:5,8,1,0
BRDA:5,9,0,0
BRDA:5,9,1,0
BRDA:6,10,0,1
BRDA:6,10,1,0
BRDA:6,10,2,0
BRDA:8,11,0,1
BRDA:8,11,1,1
BRDA:8,11,2,1
BRDA:9,12,0,1
BRDA:9,12,1,0
BRDA:9,13,0,1
BRDA:9,13,1,1
BRDA:31,14,0,1
BRDA:31,14,1,4
BRDA:50,15,0,1
BRDA:50,15,1,2
BRDA:50,16,0,3
BRDA:50,16,1,2
BRDA:53,17,0,1
BRDA:53,17,1,1
BRDA:53,18,0,2
BRDA:53,18,1,1
BRF:39
BRH:28
end_of_record
TN:
SF:/Users/yonatanmolla/Documents/workspace3/jhippy-workstation/thehipcribs/src/main/webapp/app/account/settings/settings.component.ts
FN:2,(anonymous_1)
FN:8,(anonymous_2)
FN:14,(anonymous_3)
FN:15,SettingsComponent
FN:19,(anonymous_5)
FN:21,(anonymous_6)
FN:25,(anonymous_7)
FN:27,(anonymous_8)
FN:30,(anonymous_9)
FN:33,(anonymous_10)
FN:38,(anonymous_11)
FNF:11
FNH:9
FNDA:1,(anonymous_1)
FNDA:1,(anonymous_2)
FNDA:1,(anonymous_3)
FNDA:3,SettingsComponent
FNDA:0,(anonymous_5)
FNDA:0,(anonymous_6)
FNDA:3,(anonymous_7)
FNDA:2,(anonymous_8)
FNDA:2,(anonymous_9)
FNDA:1,(anonymous_10)
FNDA:2,(anonymous_11)
DA:2,1
DA:3,1
DA:4,1
DA:5,2
DA:6,1
DA:8,1
DA:9,1
DA:11,1
DA:12,1
DA:13,1
DA:14,1
DA:15,1
DA:16,3
DA:17,3
DA:19,1
DA:20,0
DA:21,0
DA:22,0
DA:25,1
DA:26,3
DA:27,3
DA:28,2
DA:29,2
DA:30,2
DA:31,2
DA:34,1
DA:35,1
DA:38,1
DA:39,2
DA:49,1
DA:57,1
DA:59,1
LF:32
LH:29
BRDA:2,1,0,1
BRDA:2,1,1,1
BRDA:2,1,2,1
BRDA:3,2,0,1
BRDA:3,2,1,0
BRDA:3,3,0,0
BRDA:3,3,1,0
BRDA:4,4,0,0
BRDA:4,4,1,1
BRDA:4,5,0,1
BRDA:4,5,1,1
BRDA:5,6,0,2
BRDA:5,6,1,0
BRDA:5,7,0,2
BRDA:5,7,1,1
BRDA:5,8,0,2
BRDA:5,8,1,0
BRDA:5,9,0,0
BRDA:5,9,1,0
BRDA:6,10,0,1
BRDA:6,10,1,0
BRDA:6,10,2,0
BRDA:8,11,0,1
BRDA:8,11,1,1
BRDA:8,11,2,1
BRDA:9,12,0,1
BRDA:9,12,1,0
BRDA:9,13,0,1
BRDA:9,13,1,1
BRF:29
BRH:18
end_of_record
TN:
SF:/Users/yonatanmolla/Documents/workspace3/jhippy-workstation/thehipcribs/src/main/webapp/app/blocks/config/uib-pagination.config.ts
FN:2,(anonymous_1)
FN:8,(anonymous_2)
FN:15,(anonymous_3)
FN:17,PaginationConfig
FNF:4
FNH:3
FNDA:1,(anonymous_1)
FNDA:1,(anonymous_2)
FNDA:1,(anonymous_3)
FNDA:0,PaginationConfig
DA:2,1
DA:3,1
DA:4,1
DA:5,2
DA:6,1
DA:8,1
DA:9,1
DA:11,1
DA:12,1
DA:13,1
DA:14,1
DA:15,1
DA:17,1
DA:18,0
DA:19,0
DA:20,0
DA:21,0
DA:22,0
DA:24,1
DA:28,1
DA:30,1
LF:21
LH:16
BRDA:2,1,0,1
BRDA:2,1,1,1
BRDA:2,1,2,1
BRDA:3,2,0,1
BRDA:3,2,1,0
BRDA:3,3,0,0
BRDA:3,3,1,0
BRDA:4,4,0,0
BRDA:4,4,1,1
BRDA:4,5,0,1
BRDA:4,5,1,1
BRDA:5,6,0,2
BRDA:5,6,1,0
BRDA:5,7,0,2
BRDA:5,7,1,1
BRDA:5,8,0,2
BRDA:5,8,1,0
BRDA:5,9,0,0
BRDA:5,9,1,0
BRDA:6,10,0,1
BRDA:6,10,1,0
BRDA:6,10,2,0
BRDA:8,11,0,1
BRDA:8,11,1,1
BRDA:8,11,2,1
BRDA:9,12,0,1
BRDA:9,12,1,0
BRDA:9,13,0,1
BRDA:9,13,1,1
BRF:29
BRH:18
end_of_record
TN:
SF:/Users/yonatanmolla/Documents/workspace3/jhippy-workstation/thehipcribs/src/main/webapp/app/admin/audits/audits.component.ts
FN:2,(anonymous_1)
FN:8,(anonymous_2)
FN:17,(anonymous_3)
FN:18,AuditsComponent
FN:27,(anonymous_5)
FN:30,(anonymous_6)
FN:34,(anonymous_7)
FN:39,(anonymous_8)
FN:42,(anonymous_9)
FN:48,(anonymous_10)
FN:59,(anonymous_11)
FN:67,(anonymous_12)
FN:69,(anonymous_13)
FNF:13
FNH:8
FNDA:1,(anonymous_1)
FNDA:1,(anonymous_2)
FNDA:1,(anonymous_3)
FNDA:3,AuditsComponent
FNDA:0,(anonymous_5)
FNDA:0,(anonymous_6)
FNDA:1,(anonymous_7)
FNDA:1,(anonymous_8)
FNDA:0,(anonymous_9)
FNDA:2,(anonymous_10)
FNDA:2,(anonymous_11)
FNDA:0,(anonymous_12)
FNDA:0,(anonymous_13)
DA:2,1
DA:3,1
DA:4,1
DA:5,2
DA:6,1
DA:8,1
DA:9,1
DA:11,1
DA:12,1
DA:13,1
DA:14,1
DA:15,1
DA:16,1
DA:17,1
DA:18,1
DA:19,3
DA:20,3
DA:21,3
DA:22,3
DA:23,3
DA:24,3
DA:25,3
DA:27,1
DA:28,0
DA:30,1
DA:31,0
DA:32,0
DA:34,1
DA:35,1
DA:36,1
DA:37,1
DA:39,1
DA:40,1
DA:41,1
DA:43,0
DA:44,0
DA:45,0
DA:48,1
DA:49,2
DA:50,2
DA:51,2
DA:52,0
DA:55,2
DA:57,2
DA:59,1
DA:60,2
DA:62,2
DA:63,2
DA:64,2
DA:65,2
DA:67,1
DA:68,0
DA:69,0
DA:70,0
DA:71,0
DA:73,0
DA:74,0
DA:77,0
DA:80,0
DA:82,1
DA:90,1
DA:92,1
LF:62
LH:47
BRDA:2,1,0,1
BRDA:2,1,1,1
BRDA:2,1,2,1
BRDA:3,2,0,1
BRDA:3,2,1,0
BRDA:3,3,0,0
BRDA:3,3,1,0
BRDA:4,4,0,0
BRDA:4,4,1,1
BRDA:4,5,0,1
BRDA:4,5,1,1
BRDA:5,6,0,2
BRDA:5,6,1,0
BRDA:5,7,0,2
BRDA:5,7,1,1
BRDA:5,8,0,2
BRDA:5,8,1,0
BRDA:5,9,0,0
BRDA:5,9,1,0
BRDA:6,10,0,1
BRDA:6,10,1,0
BRDA:6,10,2,0
BRDA:8,11,0,1
BRDA:8,11,1,1
BRDA:8,11,2,1
BRDA:9,12,0,1
BRDA:9,12,1,0
BRDA:9,13,0,1
BRDA:9,13,1,1
BRDA:51,14,0,0
BRDA:51,14,1,2
BRDA:70,15,0,0
BRDA:70,15,1,0
BRDA:73,16,0,0
BRDA:73,16,1,0
BRDA:80,17,0,0
BRDA:80,17,1,0
BRF:37
BRH:19
end_of_record
TN:
SF:/Users/yonatanmolla/Documents/workspace3/jhippy-workstation/thehipcribs/src/main/webapp/app/admin/audits/audits.service.ts
FN:2,(anonymous_1)
FN:8,(anonymous_2)
FN:14,(anonymous_3)
FN:15,AuditsService
FN:18,(anonymous_5)
FNF:5
FNH:5
FNDA:1,(anonymous_1)
FNDA:1,(anonymous_2)
FNDA:1,(anonymous_3)
FNDA:3,AuditsService
FNDA:1,(anonymous_5)
DA:2,1
DA:3,1
DA:4,1
DA:5,2
DA:6,1
DA:8,1
DA:9,1
DA:11,1
DA:12,1
DA:13,1
DA:14,1
DA:15,1
DA:16,3
DA:18,1
DA:19,1
DA:20,1
DA:21,1
DA:22,1
DA:23,1
DA:24,1
DA:25,1
DA:28,1
DA:30,1
DA:34,1
DA:36,1
LF:25
LH:25
BRDA:2,1,0,1
BRDA:2,1,1,1
BRDA:2,1,2,1
BRDA:3,2,0,1
BRDA:3,2,1,0
BRDA:3,3,0,0
BRDA:3,3,1,0
BRDA:4,4,0,0
BRDA:4,4,1,1
BRDA:4,5,0,1
BRDA:4,5,1,1
BRDA:5,6,0,2
BRDA:5,6,1,0
BRDA:5,7,0,2
BRDA:5,7,1,1
BRDA:5,8,0,2
BRDA:5,8,1,0
BRDA:5,9,0,0
BRDA:5,9,1,0
BRDA:6,10,0,1
BRDA:6,10,1,0
BRDA:6,10,2,0
BRDA:8,11,0,1
BRDA:8,11,1,1
BRDA:8,11,2,1
BRDA:9,12,0,1
BRDA:9,12,1,0
BRDA:9,13,0,1
BRDA:9,13,1,1
BRF:29
BRH:18
end_of_record
TN:
SF:/Users/yonatanmolla/Documents/workspace3/jhippy-workstation/thehipcribs/src/main/webapp/app/admin/health/health.component.ts
FN:2,(anonymous_1)
FN:8,(anonymous_2)
FN:16,(anonymous_3)
FN:17,JhiHealthCheckComponent
FN:21,(anonymous_5)
FN:24,(anonymous_6)
FN:27,(anonymous_7)
FN:35,(anonymous_8)
FN:38,(anonymous_9)
FN:41,(anonymous_10)
FN:48,(anonymous_11)
FN:51,(anonymous_12)
FN:53,(anonymous_13)
FN:57,(anonymous_14)
FNF:14
FNH:6
FNDA:1,(anonymous_1)
FNDA:1,(anonymous_2)
FNDA:1,(anonymous_3)
FNDA:9,JhiHealthCheckComponent
FNDA:0,(anonymous_5)
FNDA:2,(anonymous_6)
FNDA:0,(anonymous_7)
FNDA:0,(anonymous_8)
FNDA:0,(anonymous_9)
FNDA:0,(anonymous_10)
FNDA:0,(anonymous_11)
FNDA:0,(anonymous_12)
FNDA:0,(anonymous_13)
FNDA:2,(anonymous_14)
DA:2,1
DA:3,1
DA:4,1
DA:5,2
DA:6,1
DA:8,1
DA:9,1
DA:11,1
DA:12,1
DA:13,1
DA:14,1
DA:15,1
DA:16,1
DA:17,1
DA:18,9
DA:19,9
DA:21,1
DA:22,0
DA:24,1
DA:25,2
DA:27,1
DA:28,0
DA:29,0
DA:32,0
DA:35,1
DA:36,0
DA:37,0
DA:38,0
DA:39,0
DA:40,0
DA:42,0
DA:43,0
DA:44,0
DA:48,1
DA:49,0
DA:50,0
DA:51,0
DA:57,1
DA:58,2
DA:60,1
DA:68,1
DA:70,1
LF:42
LH:27
BRDA:2,1,0,1
BRDA:2,1,1,1
BRDA:2,1,2,1
BRDA:3,2,0,1
BRDA:3,2,1,0
BRDA:3,3,0,0
BRDA:3,3,1,0
BRDA:4,4,0,0
BRDA:4,4,1,1
BRDA:4,5,0,1
BRDA:4,5,1,1
BRDA:5,6,0,2
BRDA:5,6,1,0
BRDA:5,7,0,2
BRDA:5,7,1,1
BRDA:5,8,0,2
BRDA:5,8,1,0
BRDA:5,9,0,0
BRDA:5,9,1,0
BRDA:6,10,0,1
BRDA:6,10,1,0
BRDA:6,10,2,0
BRDA:8,11,0,1
BRDA:8,11,1,1
BRDA:8,11,2,1
BRDA:9,12,0,1
BRDA:9,12,1,0
BRDA:9,13,0,1
BRDA:9,13,1,1
BRDA:28,14,0,0
BRDA:28,14,1,0
BRDA:42,15,0,0
BRDA:42,15,1,0
BRF:33
BRH:18
end_of_record
TN:
SF:/Users/yonatanmolla/Documents/workspace3/jhippy-workstation/thehipcribs/src/main/webapp/app/admin/health/health.service.ts
FN:2,(anonymous_1)
FN:8,(anonymous_2)
FN:14,(anonymous_3)
FN:15,JhiHealthService
FN:19,(anonymous_5)
FN:20,(anonymous_6)
FN:22,(anonymous_7)
FN:27,(anonymous_8)
FN:33,(anonymous_9)
FN:42,(anonymous_10)
FN:72,(anonymous_11)
FN:89,(anonymous_12)
FN:105,(anonymous_13)
FN:117,(anonymous_14)
FNF:14
FNH:12
FNDA:1,(anonymous_1)
FNDA:1,(anonymous_2)
FNDA:1,(anonymous_3)
FNDA:9,JhiHealthService
FNDA:0,(anonymous_5)
FNDA:0,(anonymous_6)
FNDA:5,(anonymous_7)
FNDA:2,(anonymous_8)
FNDA:2,(anonymous_9)
FNDA:17,(anonymous_10)
FNDA:8,(anonymous_11)
FNDA:20,(anonymous_12)
FNDA:17,(anonymous_13)
FNDA:47,(anonymous_14)
DA:2,1
DA:3,1
DA:4,1
DA:5,2
DA:6,1
DA:8,1
DA:9,1
DA:11,1
DA:12,1
DA:13,1
DA:14,1
DA:15,1
DA:16,9
DA:17,9
DA:19,1
DA:20,0
DA:22,1
DA:23,5
DA:24,5
DA:25,5
DA:27,1
DA:28,2
DA:29,2
DA:30,2
DA:33,1
DA:34,2
DA:35,2
DA:36,2
DA:37,2
DA:38,2
DA:42,1
DA:43,17
DA:46,17
DA:47,17
DA:48,17
DA:49,46
DA:50,46
DA:51,46
DA:52,25
DA:55,21
DA:56,15
DA:57,15
DA:63,17
DA:64,11
DA:67,17
DA:68,16
DA:70,17
DA:72,1
DA:73,8
DA:74,26
DA:75,26
DA:76,26
DA:77,17
DA:78,3
DA:79,3
DA:82,14
DA:87,8
DA:89,1
DA:90,20
DA:91,20
DA:92,6
DA:94,14
DA:95,0
DA:97,14
DA:98,14
DA:101,0
DA:103,20
DA:105,1
DA:106,17
DA:107,17
DA:108,46
DA:109,46
DA:110,46
DA:111,6
DA:115,17
DA:117,1
DA:118,47
DA:119,47
DA:120,294
DA:121,294
DA:122,23
DA:126,47
DA:128,1
DA:132,1
DA:134,1
LF:85
LH:82
BRDA:2,1,0,1
BRDA:2,1,1,1
BRDA:2,1,2,1
BRDA:3,2,0,1
BRDA:3,2,1,0
BRDA:3,3,0,0
BRDA:3,3,1,0
BRDA:4,4,0,0
BRDA:4,4,1,1
BRDA:4,5,0,1
BRDA:4,5,1,1
BRDA:5,6,0,2
BRDA:5,6,1,0
BRDA:5,7,0,2
BRDA:5,7,1,1
BRDA:5,8,0,2
BRDA:5,8,1,0
BRDA:5,9,0,0
BRDA:5,9,1,0
BRDA:6,10,0,1
BRDA:6,10,1,0
BRDA:6,10,2,0
BRDA:8,11,0,1
BRDA:8,11,1,1
BRDA:8,11,2,1
BRDA:9,12,0,1
BRDA:9,12,1,0
BRDA:9,13,0,1
BRDA:9,13,1,1
BRDA:28,14,0,2
BRDA:28,14,1,0
BRDA:34,15,0,2
BRDA:34,15,1,0
BRDA:38,16,0,1
BRDA:38,16,1,1
BRDA:49,17,0,46
BRDA:49,17,1,0
BRDA:51,18,0,25
BRDA:51,18,1,21
BRDA:51,19,0,46
BRDA:51,19,1,29
BRDA:55,20,0,15
BRDA:55,20,1,6
BRDA:63,21,0,11
BRDA:63,21,1,6
BRDA:67,22,0,16
BRDA:67,22,1,1
BRDA:67,23,0,17
BRDA:67,23,1,3
BRDA:67,23,2,2
BRDA:74,24,0,26
BRDA:74,24,1,0
BRDA:76,25,0,17
BRDA:76,25,1,9
BRDA:77,26,0,3
BRDA:77,26,1,14
BRDA:91,27,0,6
BRDA:91,27,1,14
BRDA:91,28,0,20
BRDA:91,28,1,6
BRDA:94,29,0,0
BRDA:94,29,1,14
BRDA:97,30,0,14
BRDA:97,30,1,0
BRDA:108,31,0,46
BRDA:108,31,1,0
BRDA:110,32,0,6
BRDA:110,32,1,40
BRDA:110,33,0,46
BRDA:110,33,1,46
BRDA:120,34,0,294
BRDA:120,34,1,0
BRDA:121,35,0,23
BRDA:121,35,1,271
BRF:74
BRH:55
end_of_record
TN:
SF:/Users/yonatanmolla/Documents/workspace3/jhippy-workstation/thehipcribs/src/main/webapp/app/admin/health/health-modal.component.ts
FN:2,(anonymous_1)
FN:8,(anonymous_2)
FN:15,(anonymous_3)
FN:16,JhiHealthModalComponent
FN:20,(anonymous_5)
FN:23,(anonymous_6)
FN:26,(anonymous_7)
FNF:7
FNH:3
FNDA:1,(anonymous_1)
FNDA:1,(anonymous_2)
FNDA:1,(anonymous_3)
FNDA:0,JhiHealthModalComponent
FNDA:0,(anonymous_5)
FNDA:0,(anonymous_6)
FNDA:0,(anonymous_7)
DA:2,1
DA:3,1
DA:4,1
DA:5,2
DA:6,1
DA:8,1
DA:9,1
DA:11,1
DA:12,1
DA:13,1
DA:14,1
DA:15,1
DA:16,1
DA:17,0
DA:18,0
DA:20,1
DA:21,0
DA:23,1
DA:24,0
DA:26,1
DA:27,0
DA:28,0
DA:31,0
DA:32,0
DA:33,0
DA:36,0
DA:39,1
DA:46,1
DA:48,1
LF:29
LH:19
BRDA:2,1,0,1
BRDA:2,1,1,1
BRDA:2,1,2,1
BRDA:3,2,0,1
BRDA:3,2,1,0
BRDA:3,3,0,0
BRDA:3,3,1,0
BRDA:4,4,0,0
BRDA:4,4,1,1
BRDA:4,5,0,1
BRDA:4,5,1,1
BRDA:5,6,0,2
BRDA:5,6,1,0
BRDA:5,7,0,2
BRDA:5,7,1,1
BRDA:5,8,0,2
BRDA:5,8,1,0
BRDA:5,9,0,0
BRDA:5,9,1,0
BRDA:6,10,0,1
BRDA:6,10,1,0
BRDA:6,10,2,0
BRDA:8,11,0,1
BRDA:8,11,1,1
BRDA:8,11,2,1
BRDA:9,12,0,1
BRDA:9,12,1,0
BRDA:9,13,0,1
BRDA:9,13,1,1
BRDA:27,14,0,0
BRDA:27,14,1,0
BRDA:32,15,0,0
BRDA:32,15,1,0
BRF:33
BRH:18
end_of_record
